Total combinations: 567
Found: techortus.com (Total: 1)
Found: techestia.com (Total: 2)
Found: techodos.com (Total: 3)
Found: techotspot.com (Total: 4)
Found: mechole.com (Total: 5)
Found: mechall.com (Total: 6)
Found: techypo.com (Total: 7)
Found: mecharbor.com (Total: 8)
Found: mechortus.com (Total: 9)
Found: mecheart.com (Total: 10)
Found: mechedra.com (Total: 11)
Found: mechotspot.com (Total: 12)
Found: mechabitat.com (Total: 13)
Found: mechypo.com (Total: 14)
Found: mechestia.com (Total: 15)
Found: mechodos.com (Total: 16)
Found: mechelix.com (Total: 17)
Found: mechyle.com (Total: 18)
Found: mechelm.com (Total: 19)
Found: pathortus.com (Total: 20)
Found: pathelm.com (Total: 21)
Found: dasharbor.com (Total: 22)
Found: dashead.com (Total: 23)
Found: dashedra.com (Total: 24)
Found: dashypo.com (Total: 25)
Found: dashotspot.com (Total: 26)
Found: dashold.com (Total: 27)
Found: dashodos.com (Total: 28)
Found: dashelix.com (Total: 29)
Found: dashut.com (Total: 30)
Found: dashestia.com (Total: 31)
Found: pathelix.com (Total: 32)
Found: dashabitat.com (Total: 33)
Found: flashotspot.com (Total: 34)
Found: dashyle.com (Total: 35)
Found: flashypo.com (Total: 36)
Found: dashelm.com (Total: 37)
Found: flashyle.com (Total: 38)
Found: flashelix.com (Total: 39)
Found: flashelm.com (Total: 40)
Found: flashatch.com (Total: 41)
Found: epocheart.com (Total: 42)
Found: epochead.com (Total: 43)
Found: flashaven.com (Total: 44)
Found: epochost.com (Total: 45)
Found: epochaven.com (Total: 46)
Found: flashedra.com (Total: 47)
Found: epochole.com (Total: 48)
Found: epochabitat.com (Total: 49)
Found: flashalo.com (Total: 50)
Found: epochestia.com (Total: 51)
Found: epochypo.com (Total: 52)
Found: flasharbor.com (Total: 53)
Found: epochalo.com (Total: 54)
Found: epochouse.com (Total: 55)
Found: epocherd.com (Total: 56)
Found: epochelm.com (Total: 57)
Found: epochatch.com (Total: 58)
Found: morphq.com (Total: 59)
Found: morphold.com (Total: 60)
Found: morpharbor.com (Total: 61)
Found: morphabitat.com (Total: 62)
Found: morphortus.com (Total: 63)
Found: morphedra.com (Total: 64)
Found: morphestia.com (Total: 65)
Found: morphypo.com (Total: 66)
Found: morphodos.com (Total: 67)
Found: morphyle.com (Total: 68)
Found: morphelm.com (Total: 69)
Found: morphatch.com (Total: 70)
Found: catchome.com (Total: 71)
Found: epochold.com (Total: 72)
Found: epochotspot.com (Total: 73)
Found: catcheart.com (Total: 74)
Found: epochut.com (Total: 75)
Found: epocharbor.com (Total: 76)
Found: catchost.com (Total: 77)
Found: catchaven.com (Total: 78)
Found: catchole.com (Total: 79)
Found: catchotspot.com (Total: 80)
Found: epochortus.com (Total: 81)
Found: catcharbor.com (Total: 82)
Found: catchortus.com (Total: 83)
Found: catchedra.com (Total: 84)
Found: catchypo.com (Total: 85)
Found: epochedra.com (Total: 86)
Found: epochodos.com (Total: 87)
Found: catchead.com (Total: 88)
Found: catcherd.com (Total: 89)
Found: catchelm.com (Total: 90)
Found: catchatch.com (Total: 91)
Found: morphead.com (Total: 92)
Found: morphost.com (Total: 93)
Found: catchelix.com (Total: 94)
Found: matchead.com (Total: 95)
Found: morphole.com (Total: 96)
Found: catchabitat.com (Total: 97)
Found: matchabitat.com (Total: 98)
Found: matcharbor.com (Total: 99)
Found: catchestia.com (Total: 100)
Found: catchodos.com (Total: 101)
Found: matchortus.com (Total: 102)
Found: matchodos.com (Total: 103)
Found: matchedra.com (Total: 104)
Found: catchyle.com (Total: 105)
Found: matchelix.com (Total: 106)
Found: matchelm.com (Total: 107)
Found: batchouse.com (Total: 108)
Found: batcheart.com (Total: 109)
Found: batchead.com (Total: 110)
Found: matchestia.com (Total: 111)
Found: batchole.com (Total: 112)
Found: batchotspot.com (Total: 113)
Found: batchut.com (Total: 114)
Found: matchole.com (Total: 115)
Found: batchedra.com (Total: 116)
Found: matchotspot.com (Total: 117)
Found: batchypo.com (Total: 118)
Found: batchodos.com (Total: 119)
Found: batchalo.com (Total: 120)
Found: batchyle.com (Total: 121)
Found: batchelix.com (Total: 122)
Found: batchelm.com (Total: 123)
Found: batchatch.com (Total: 124)
Found: switcheart.com (Total: 125)
Found: batchaven.com (Total: 126)
Found: switchaven.com (Total: 127)
Found: batchold.com (Total: 128)
Found: batcharbor.com (Total: 129)
Found: batcherd.com (Total: 130)
Found: switchestia.com (Total: 131)
Found: switchortus.com (Total: 132)
Found: switchodos.com (Total: 133)
Found: switchut.com (Total: 134)
Found: switchypo.com (Total: 135)
Found: touchaven.com (Total: 136)
Found: touchold.com (Total: 137)
Found: touchotspot.com (Total: 138)
Found: touchabitat.com (Total: 139)
Found: touchut.com (Total: 140)
Found: toucharbor.com (Total: 141)
Found: touchortus.com (Total: 142)
Found: touchedra.com (Total: 143)
Found: switchelm.com (Total: 144)
Found: switchatch.com (Total: 145)
Found: touchalo.com (Total: 146)
Found: toucherd.com (Total: 147)
Found: touchodos.com (Total: 148)
Found: launchaven.com (Total: 149)
Found: launchotspot.com (Total: 150)
Found: launchut.com (Total: 151)
Found: touchyle.com (Total: 152)
Found: launchedra.com (Total: 153)
Found: launchodos.com (Total: 154)
Found: launchypo.com (Total: 155)
Found: touchelix.com (Total: 156)
Found: launchalo.com (Total: 157)
Found: launchyle.com (Total: 158)
Found: launchelix.com (Total: 159)
Found: launchatch.com (Total: 160)
Found: launchelm.com (Total: 161)
Found: branchome.com (Total: 162)
Found: brancheart.com (Total: 163)
Found: branchodos.com (Total: 164)
Found: branchypo.com (Total: 165)
Found: branchalo.com (Total: 166)
Found: branchyle.com (Total: 167)
Found: branchelix.com (Total: 168)
Found: branchelm.com (Total: 169)
Found: brancherd.com (Total: 170)
Found: reachouse.com (Total: 171)
Found: branchatch.com (Total: 172)
Found: reachaven.com (Total: 173)
Found: reachotspot.com (Total: 174)
Found: reachabitat.com (Total: 175)
Found: reacharbor.com (Total: 176)
Found: branchabitat.com (Total: 177)
Found: reachestia.com (Total: 178)
Found: reachatch.com (Total: 179)
Found: reachelm.com (Total: 180)
Found: searcheart.com (Total: 181)
Found: searchead.com (Total: 182)
Found: searchold.com (Total: 183)
Found: searchaven.com (Total: 184)
Found: searchole.com (Total: 185)
Found: searchabitat.com (Total: 186)
Found: searchotspot.com (Total: 187)
Found: searchortus.com (Total: 188)
Found: searchestia.com (Total: 189)
Found: searchodos.com (Total: 190)
Found: searchypo.com (Total: 191)
Found: searchalo.com (Total: 192)
Found: searcherd.com (Total: 193)
Found: reachedra.com (Total: 194)
Found: searchatch.com (Total: 195)
Found: searchelm.com (Total: 196)
Found: coachold.com (Total: 197)
Found: searchedra.com (Total: 198)
Found: reachelix.com (Total: 199)
Found: coachortus.com (Total: 200)
Found: coachotspot.com (Total: 201)
Found: coachedra.com (Total: 202)
Found: coachypo.com (Total: 203)
Found: coachyle.com (Total: 204)
Found: searchyle.com (Total: 205)
Found: coachelm.com (Total: 206)
Found: coachole.com (Total: 207)
Found: coacherd.com (Total: 208)
Found: coachabitat.com (Total: 209)
Found: coachodos.com (Total: 210)
Found: coacharbor.com (Total: 211)
Found: coachestia.com (Total: 212)
Found: coachatch.com (Total: 213)
